{"C:\\Users\\afzaa\\Desktop\\Coding-Bolt\\components\\boundary.tsx": {"path":"C:\\Users\\afzaa\\Desktop\\Coding-Bolt\\components\\boundary.tsx","statementMap":{"0":{"start":{"line":4,"column":4},"end":{"line":4,"column":17}},"1":{"start":{"line":5,"column":4},"end":{"line":5,"column":37}},"2":{"start":{"line":10,"column":4},"end":{"line":10,"column":30}},"3":{"start":{"line":20,"column":4},"end":{"line":23,"column":5}},"4":{"start":{"line":22,"column":6},"end":{"line":22,"column":44}},"5":{"start":{"line":25,"column":4},"end":{"line":25,"column":31}}},"fnMap":{"0":{"name":"(anonymous_0)","decl":{"start":{"line":3,"column":2},"end":{"line":3,"column":3}},"loc":{"start":{"line":3,"column":21},"end":{"line":6,"column":3}},"line":3},"1":{"name":"(anonymous_1)","decl":{"start":{"line":8,"column":2},"end":{"line":8,"column":3}},"loc":{"start":{"line":8,"column":41},"end":{"line":11,"column":3}},"line":8},"2":{"name":"(anonymous_2)","decl":{"start":{"line":13,"column":2},"end":{"line":13,"column":3}},"loc":{"start":{"line":13,"column":38},"end":{"line":15,"column":3}},"line":13},"3":{"name":"(anonymous_3)","decl":{"start":{"line":17,"column":2},"end":{"line":17,"column":3}},"loc":{"start":{"line":17,"column":11},"end":{"line":26,"column":3}},"line":17}},"branchMap":{"0":{"loc":{"start":{"line":20,"column":4},"end":{"line":23,"column":5}},"type":"if","locations":[{"start":{"line":20,"column":4},"end":{"line":23,"column":5}},{"start":{"line":20,"column":4},"end":{"line":23,"column":5}}],"line":20}},"s":{"0":0,"1":0,"2":0,"3":0,"4":0,"5":0},"f":{"0":0,"1":0,"2":0,"3":0},"b":{"0":[0,0]}}
,"C:\\Users\\afzaa\\Desktop\\Coding-Bolt\\components\\editor.tsx": {"path":"C:\\Users\\afzaa\\Desktop\\Coding-Bolt\\components\\editor.tsx","statementMap":{"0":{"start":{"line":5,"column":15},"end":{"line":124,"column":1}},"1":{"start":{"line":6,"column":24},"end":{"line":6,"column":38}},"2":{"start":{"line":7,"column":15},"end":{"line":7,"column":19}},"3":{"start":{"line":8,"column":2},"end":{"line":117,"column":9}},"4":{"start":{"line":9,"column":21},"end":{"line":9,"column":50}},"5":{"start":{"line":10,"column":22},"end":{"line":10,"column":48}},"6":{"start":{"line":11,"column":20},"end":{"line":11,"column":48}},"7":{"start":{"line":12,"column":18},"end":{"line":12,"column":44}},"8":{"start":{"line":13,"column":21},"end":{"line":13,"column":46}},"9":{"start":{"line":14,"column":23},"end":{"line":14,"column":55}},"10":{"start":{"line":15,"column":22},"end":{"line":15,"column":52}},"11":{"start":{"line":16,"column":18},"end":{"line":16,"column":44}},"12":{"start":{"line":17,"column":19},"end":{"line":17,"column":46}},"13":{"start":{"line":18,"column":22},"end":{"line":18,"column":52}},"14":{"start":{"line":19,"column":19},"end":{"line":19,"column":46}},"15":{"start":{"line":20,"column":26},"end":{"line":20,"column":56}},"16":{"start":{"line":21,"column":29},"end":{"line":21,"column":67}},"17":{"start":{"line":22,"column":23},"end":{"line":22,"column":55}},"18":{"start":{"line":24,"column":17},"end":{"line":106,"column":6}},"19":{"start":{"line":30,"column":8},"end":{"line":37,"column":13}},"20":{"start":{"line":33,"column":12},"end":{"line":33,"column":33}},"21":{"start":{"line":108,"column":4},"end":{"line":115,"column":9}},"22":{"start":{"line":114,"column":8},"end":{"line":114,"column":76}},"23":{"start":{"line":119,"column":19},"end":{"line":121,"column":3}},"24":{"start":{"line":120,"column":4},"end":{"line":120,"column":23}},"25":{"start":{"line":123,"column":2},"end":{"line":123,"column":79}}},"fnMap":{"0":{"name":"(anonymous_0)","decl":{"start":{"line":5,"column":15},"end":{"line":5,"column":16}},"loc":{"start":{"line":5,"column":31},"end":{"line":124,"column":1}},"line":5},"1":{"name":"(anonymous_1)","decl":{"start":{"line":8,"column":12},"end":{"line":8,"column":13}},"loc":{"start":{"line":8,"column":18},"end":{"line":117,"column":3}},"line":8},"2":{"name":"(anonymous_2)","decl":{"start":{"line":29,"column":16},"end":{"line":29,"column":17}},"loc":{"start":{"line":29,"column":30},"end":{"line":38,"column":7}},"line":29},"3":{"name":"(anonymous_3)","decl":{"start":{"line":32,"column":16},"end":{"line":32,"column":17}},"loc":{"start":{"line":32,"column":37},"end":{"line":34,"column":11}},"line":32},"4":{"name":"(anonymous_4)","decl":{"start":{"line":35,"column":17},"end":{"line":35,"column":18}},"loc":{"start":{"line":35,"column":33},"end":{"line":37,"column":11}},"line":35},"5":{"name":"(anonymous_5)","decl":{"start":{"line":109,"column":12},"end":{"line":109,"column":13}},"loc":{"start":{"line":109,"column":18},"end":{"line":112,"column":7}},"line":109},"6":{"name":"(anonymous_6)","decl":{"start":{"line":113,"column":13},"end":{"line":113,"column":14}},"loc":{"start":{"line":113,"column":30},"end":{"line":115,"column":7}},"line":113},"7":{"name":"(anonymous_7)","decl":{"start":{"line":119,"column":19},"end":{"line":119,"column":20}},"loc":{"start":{"line":119,"column":33},"end":{"line":121,"column":3}},"line":119}},"branchMap":{"0":{"loc":{"start":{"line":25,"column":14},"end":{"line":25,"column":45}},"type":"cond-expr","locations":[{"start":{"line":25,"column":25},"end":{"line":25,"column":33}},{"start":{"line":25,"column":36},"end":{"line":25,"column":45}}],"line":25},"1":{"loc":{"start":{"line":26,"column":19},"end":{"line":28,"column":54}},"type":"cond-expr","locations":[{"start":{"line":27,"column":10},"end":{"line":27,"column":27}},{"start":{"line":28,"column":10},"end":{"line":28,"column":54}}],"line":26},"2":{"loc":{"start":{"line":39,"column":12},"end":{"line":45,"column":14}},"type":"cond-expr","locations":[{"start":{"line":40,"column":10},"end":{"line":44,"column":11}},{"start":{"line":45,"column":10},"end":{"line":45,"column":14}}],"line":39},"3":{"loc":{"start":{"line":123,"column":43},"end":{"line":123,"column":74}},"type":"cond-expr","locations":[{"start":{"line":123,"column":54},"end":{"line":123,"column":62}},{"start":{"line":123,"column":65},"end":{"line":123,"column":74}}],"line":123}},"s":{"0":0,"1":0,"2":0,"3":0,"4":0,"5":0,"6":0,"7":0,"8":0,"9":0,"10":0,"11":0,"12":0,"13":0,"14":0,"15":0,"16":0,"17":0,"18":0,"19":0,"20":0,"21":0,"22":0,"23":0,"24":0,"25":0},"f":{"0":0,"1":0,"2":0,"3":0,"4":0,"5":0,"6":0,"7":0},"b":{"0":[0,0],"1":[0,0],"2":[0,0],"3":[0,0]}}
,"C:\\Users\\afzaa\\Desktop\\Coding-Bolt\\components\\wrapper.tsx": {"path":"C:\\Users\\afzaa\\Desktop\\Coding-Bolt\\components\\wrapper.tsx","statementMap":{"0":{"start":{"line":4,"column":16},"end":{"line":21,"column":1}},"1":{"start":{"line":5,"column":15},"end":{"line":5,"column":33}},"2":{"start":{"line":7,"column":2},"end":{"line":20,"column":4}},"3":{"start":{"line":14,"column":10},"end":{"line":14,"column":24}}},"fnMap":{"0":{"name":"(anonymous_0)","decl":{"start":{"line":4,"column":16},"end":{"line":4,"column":17}},"loc":{"start":{"line":4,"column":32},"end":{"line":21,"column":1}},"line":4},"1":{"name":"(anonymous_1)","decl":{"start":{"line":13,"column":17},"end":{"line":13,"column":18}},"loc":{"start":{"line":13,"column":23},"end":{"line":15,"column":9}},"line":13}},"branchMap":{},"s":{"0":1,"1":1,"2":1,"3":0},"f":{"0":1,"1":0},"b":{},"_coverageSchema":"1a1c01bbd47fc00a2c39e90264f33305004495a9","hash":"687a5dbb901a293266227314f9729ffc0f6e2e34"}
,"C:\\Users\\afzaa\\Desktop\\Coding-Bolt\\pages\\_app.tsx": {"path":"C:\\Users\\afzaa\\Desktop\\Coding-Bolt\\pages\\_app.tsx","statementMap":{"0":{"start":{"line":7,"column":19},"end":{"line":7,"column":37}},"1":{"start":{"line":9,"column":2},"end":{"line":11,"column":23}},"2":{"start":{"line":10,"column":4},"end":{"line":10,"column":64}},"3":{"start":{"line":12,"column":2},"end":{"line":12,"column":38}}},"fnMap":{"0":{"name":"CodingBolt","decl":{"start":{"line":6,"column":9},"end":{"line":6,"column":19}},"loc":{"start":{"line":6,"column":56},"end":{"line":13,"column":1}},"line":6},"1":{"name":"(anonymous_1)","decl":{"start":{"line":9,"column":12},"end":{"line":9,"column":13}},"loc":{"start":{"line":9,"column":18},"end":{"line":11,"column":3}},"line":9}},"branchMap":{"0":{"loc":{"start":{"line":10,"column":4},"end":{"line":10,"column":63}},"type":"cond-expr","locations":[{"start":{"line":10,"column":21},"end":{"line":10,"column":40}},{"start":{"line":10,"column":43},"end":{"line":10,"column":63}}],"line":10}},"s":{"0":0,"1":0,"2":0,"3":0},"f":{"0":0,"1":0},"b":{"0":[0,0]}}
,"C:\\Users\\afzaa\\Desktop\\Coding-Bolt\\pages\\index.tsx": {"path":"C:\\Users\\afzaa\\Desktop\\Coding-Bolt\\pages\\index.tsx","statementMap":{"0":{"start":{"line":5,"column":24},"end":{"line":19,"column":1}},"1":{"start":{"line":6,"column":15},"end":{"line":6,"column":28}},"2":{"start":{"line":9,"column":2},"end":{"line":18,"column":4}}},"fnMap":{"0":{"name":"(anonymous_0)","decl":{"start":{"line":5,"column":24},"end":{"line":5,"column":25}},"loc":{"start":{"line":5,"column":30},"end":{"line":19,"column":1}},"line":5}},"branchMap":{"0":{"loc":{"start":{"line":15,"column":18},"end":{"line":15,"column":46}},"type":"cond-expr","locations":[{"start":{"line":15,"column":31},"end":{"line":15,"column":36}},{"start":{"line":15,"column":39},"end":{"line":15,"column":46}}],"line":15}},"s":{"0":1,"1":1,"2":1},"f":{"0":1},"b":{"0":[0,1]},"_coverageSchema":"1a1c01bbd47fc00a2c39e90264f33305004495a9","hash":"c068ac39482262729f8007e2cd7b8adc7f55d505"}
}
